
 Tue Aug 11 15:48:57 2020
 

 Test Report Created by onTAP Boundary Scan Software Build 4794. 
 Flynn Systems Corp., Nashua NH 03062, www.flynn.com 
 Project Directory: F:\bsdapps\WELCO\Debug\SCCORE\SCCORE 


TAP + Integrity Tests:

 For IC1 (IC), created the following tests: 
   Tap Bypass Register.
   Instruction Register Capture and Length.
 OPENS EXTEST.
 SHORTS EXTEST.

 For IC1, the following tests were not created: 
   Tap Reset TRST Pin.
   IDCODE Test.
 INTEST.
 HIGH IMPEDANCE TEST.

/////////////////////////////////////////////
 Stuck-at Fault Summary... 

 Input SA0 faults......... 153 / 153 
 Input SA1 faults......... 153 / 153 
 Output SA0 faults........ 151 / 180 
 Output SA1 faults........ 151 / 180 
 Inputs where BSCAN cannot be detected.....0 pins
 Outputs where BSCAN cannot be detected....29 pins
 Unconnected BSCAN I/O pins................0 pins
 Total Stuck-at Score..... 608 / 666 = 91.3% 
/////////////////////////////////////////////



  EXTEST and Pin Stuck-at Test Report for DEVICE IC1  IC 

Ckt    Port       Pin   Type  Opens Shorts  INP_SA0 INP_SA1 OUT_SA0 OUT_SA1 HI_Z inBREG Probe BregAcc NetName  
IC1    JTDI       K2          Y             Y       Y       N/A     N/A     N    N      N     N       JTAG_TDI
IC1    JTDO       K1          Y             N/A     N/A     Y       Y       N    N      N     N       JTAG_TDO
IC1    JTMS       L1          Y             Y       Y       N/A     N/A     N    N      N     N       PTA11_JTMS_SWDIO
IC1    JTCLK      K4          Y             Y       Y       N/A     N/A     N    N      N     N       JTAG_TCK
IC1    DDR_RESET  D6    O     N             N/A     N/A     N/A     N/A     N    Y      N     N       DDR_RESET
IC1    DDR_ODT_1_ B1    O     N             N/A     N/A     N/A     N/A     N    Y      N     N       N040331
IC1    DDR_ODT_0_ C4    O     N             N/A     N/A     N/A     N/A     N    Y      N     N       DDR_ODT0
IC1    DDR_WE_b   C6    O     N             N/A     N/A     N/A     N/A     N    Y      N     N       DDR_WE#
IC1    DDR_RAS_b  A4    O     N             N/A     N/A     N/A     N/A     N    Y      N     N       DDR_RAS#
IC1    DDR_DQS_0_ D3    B     Y             Y       Y       Y       Y       N    Y      N     N       DDR_DQS[0]
IC1    DDR_DQS_1_ E1    B     Y             Y       Y       Y       Y       N    Y      N     N       DDR_DQS[1]
IC1    DDR_DQM_0_ J4    B     Y             Y       Y       Y       Y       N    Y      N     N       DDR_DM[0]
IC1    DDR_DQM_1_ G2    B     Y             Y       Y       Y       Y       N    Y      N     N       DDR_DM[1]
IC1    DDR_D_0_   F4    B     Y             Y       Y       Y       Y       N    Y      N     N       DDR_DQ[0]
IC1    DDR_D_1_   H3    B     Y             Y       Y       Y       Y       N    Y      N     N       DDR_DQ[1]
IC1    DDR_D_2_   D4    B     Y             Y       Y       Y       Y       N    Y      N     N       DDR_DQ[2]
IC1    DDR_D_3_   G4    B     Y             Y       Y       Y       Y       N    Y      N     N       DDR_DQ[3]
IC1    DDR_D_4_   F3    B     Y             Y       Y       Y       Y       N    Y      N     N       DDR_DQ[4]
IC1    DDR_D_5_   J3    B     Y             Y       Y       Y       Y       N    Y      N     N       DDR_DQ[5]
IC1    DDR_D_6_   C3    B     Y             Y       Y       Y       Y       N    Y      N     N       DDR_DQ[6]
IC1    DDR_D_7_   G3    B     Y             Y       Y       Y       Y       N    Y      N     N       DDR_DQ[7]
IC1    DDR_D_8_   J1    B     Y             Y       Y       Y       Y       N    Y      N     N       DDR_DQ[8]
IC1    DDR_D_9_   D1    B     Y             Y       Y       Y       Y       N    Y      N     N       DDR_DQ[9]
IC1    DDR_D_10_  H1    B     Y             Y       Y       Y       Y       N    Y      N     N       DDR_DQ[10]
IC1    DDR_D_11_  E2    B     Y             Y       Y       Y       Y       N    Y      N     N       DDR_DQ[11]
IC1    DDR_D_12_  G1    B     Y             Y       Y       Y       Y       N    Y      N     N       DDR_DQ[12]
IC1    DDR_D_13_  C1    B     Y             Y       Y       Y       Y       N    Y      N     N       DDR_DQ[13]
IC1    DDR_D_14_  H2    B     Y             Y       Y       Y       Y       N    Y      N     N       DDR_DQ[14]
IC1    DDR_D_15_  D2    B     Y             Y       Y       Y       Y       N    Y      N     N       DDR_DQ[15]
IC1    DDR_CS_b_0.C5    O     N             N/A     N/A     N/A     N/A     N    Y      N     N       DDR_CS#
IC1    DDR_CLK_0_ A2    O     N             N/A     N/A     N/A     N/A     N    Y      N     N       DDR_CLK
IC1    DDR_CKE_0_ A5    O     N             N/A     N/A     N/A     N/A     N    Y      N     N       DDR_CKE
IC1    DDR_CAS_b  B4    O     N             N/A     N/A     N/A     N/A     N    Y      N     N       DDR_CAS#
IC1    DDR_BA_0_  C8    O     N             N/A     N/A     N/A     N/A     N    Y      N     N       DDR_BS[0]
IC1    DDR_BA_1_  C9    O     N             N/A     N/A     N/A     N/A     N    Y      N     N       DDR_BS[1]
IC1    DDR_BA_2_  D8    O     N             N/A     N/A     N/A     N/A     N    Y      N     N       DDR_BS[2]
IC1    DDR_A_0_   C7    O     N             N/A     N/A     N/A     N/A     N    Y      N     N       DDR_A[0]
IC1    DDR_A_1_   C11   O     N             N/A     N/A     N/A     N/A     N    Y      N     N       DDR_A[1]
IC1    DDR_A_2_   A8    O     N             N/A     N/A     N/A     N/A     N    Y      N     N       DDR_A[2]
IC1    DDR_A_3_   B7    O     N             N/A     N/A     N/A     N/A     N    Y      N     N       DDR_A[3]
IC1    DDR_A_4_   A6    O     N             N/A     N/A     N/A     N/A     N    Y      N     N       DDR_A[4]
IC1    DDR_A_5_   B6    O     N             N/A     N/A     N/A     N/A     N    Y      N     N       DDR_A[5]
IC1    DDR_A_6_   A9    O     N             N/A     N/A     N/A     N/A     N    Y      N     N       DDR_A[6]
IC1    DDR_A_7_   A7    O     N             N/A     N/A     N/A     N/A     N    Y      N     N       DDR_A[7]
IC1    DDR_A_8_   A11   O     N             N/A     N/A     N/A     N/A     N    Y      N     N       DDR_A[8]
IC1    DDR_A_9_   B9    O     N             N/A     N/A     N/A     N/A     N    Y      N     N       DDR_A[9]
IC1    DDR_A_10_  D7    O     N             N/A     N/A     N/A     N/A     N    Y      N     N       DDR_A[10]
IC1    DDR_A_11_  D10   O     N             N/A     N/A     N/A     N/A     N    Y      N     N       DDR_A[11]
IC1    DDR_A_12_  C10   O     N             N/A     N/A     N/A     N/A     N    Y      N     N       DDR_A[12]
IC1    DDR_A_13_  A10   O     N             N/A     N/A     N/A     N/A     N    Y      N     N       DDR_A[13]
IC1    DDR_A_14_  D9    O     N             N/A     N/A     N/A     N/A     N    Y      N     N       DDR_A[14]
IC1    DDR_A_15_  B10   O     N             N/A     N/A     N/A     N/A     N    Y      N     N       DDR_A[15]
IC1    PTA7       V15   B     Y             Y       Y       Y       Y       N    Y      N     N       nPCE2/CIF_PCLK
IC1    PTE22      W17   B     Y             Y       Y       Y       Y       N    Y      N     N       DCU0_B1
IC1    PTE21      V16   B     Y             Y       Y       Y       Y       N    Y      N     N       DCU0_B0
IC1    PTE14      W15   B     Y             Y       Y       Y       Y       N    Y      N     N       DCU0_G1
IC1    PTE13      Y16   B     Y             Y       Y       Y       Y       N    Y      N     N       DCU0_G0
IC1    PTE6       W16   B     Y             Y       Y       Y       Y       N    Y      N     N       DCU0_R1
IC1    PTE5       T16   B     Y             Y       Y       Y       Y       N    Y      N     N       DCU0_R0
IC1    PTE3       Y15   B     Y             Y       Y       Y       Y       N    Y      N     N       USBH_OC
IC1    PTC31      W5    B     Y             Y       Y       Y       Y       N    Y      N     N       nVDD_FAULT/SENSE
IC1    PTD16      D20   B     Y             Y       Y       Y       Y       N    Y      N     N       NAND_D0
IC1    PTD17      E20   B     Y             Y       Y       Y       Y       N    Y      N     N       NAND_D1
IC1    PTD18      E18   B     Y             Y       Y       Y       Y       N    Y      N     N       NAND_D2
IC1    PTD19      F16   B     Y             Y       Y       Y       Y       N    Y      N     N       NAND_D3
IC1    PTD20      F17   B     Y             Y       Y       Y       Y       N    Y      N     N       NAND_D4
IC1    PTD21      F19   B     Y             Y       Y       Y       Y       N    Y      N     N       NAND_D5
IC1    PTD22      F20   B     Y             Y       Y       Y       Y       N    Y      N     N       NAND_D6
IC1    PTD23      G20   B     Y             Y       Y       Y       Y       N    Y      N     N       NAND_D7
IC1    PTD24      G19   B     Y             Y       Y       Y       Y       N    Y      N     N       ADDRESS17
IC1    PTD25      G18   B     Y             Y       Y       Y       Y       N    Y      N     N       ADDRESS18
IC1    PTD26      G16   B     Y             Y       Y       Y       Y       N    Y      N     N       EXT_IO2
IC1    PTD27      H16   B     Y             Y       Y       Y       Y       N    Y      N     N       nEXT_CS1
IC1    PTD28      H17   B     Y             Y       Y       Y       Y       N    Y      N     N       nIOIS16
IC1    PTD29      H18   B     Y             Y       Y       Y       Y       N    Y      N     N       nPWE
IC1    PTD30      H20   B     Y             Y       Y       Y       Y       N    Y      N     N       PS2_SCL2/CIF_D
IC1    PTD31      J20   B     Y             Y       Y       Y       Y       N    Y      N     N       nEXT_CS2
IC1    PTC17      R4    B     Y             Y       Y       Y       Y       N    Y      N     N       RMII_TXEN_R
IC1    PTC16      R3    B     Y             Y       Y       Y       Y       N    Y      N     N       RMII_TXD0_R
IC1    PTC15      P2    B     Y             Y       Y       Y       Y       N    Y      N     N       RMII_TXD1_R
IC1    PTC14      R1    B     Y             Y       Y       Y       Y       N    Y      N     N       RMII_RXER
IC1    PTC13      P1    B     Y             Y       Y       Y       Y       N    Y      N     N       RMII_RXD0
IC1    PTC12      P3    B     Y             Y       Y       Y       Y       N    Y      N     N       RMII_RXD1
IC1    PTC11      P4    B     Y             Y       Y       Y       Y       N    Y      N     N       RMII_CRS_DV
IC1    PTC10      U15   B     Y             Y       Y       Y       Y       N    Y      N     N       RMII_MDIO_R
IC1    PTC9       T15   B     Y             Y       Y       Y       Y       N    Y      N     N       RMII_MDC_R
IC1    PTB9       J19   B     Y             Y       Y       Y       Y       N    Y      N     Y       PWM_D/CIF_D6
IC1    PTB8       J16   B     Y             Y       Y       Y       Y       N    Y      N     N       PWM_B
IC1    PTA31      P16   B     Y             Y       Y       Y       Y       N    Y      N     N       UART_A_DSR
IC1    PTA30      P17   B     Y             Y       Y       Y       Y       N    Y      N     N       UART_A_RI
IC1    PTA29      P18   B     Y             Y       Y       Y       Y       N    Y      N     N       MMC_DAT3
IC1    PTA28      P20   B     Y             Y       Y       Y       Y       N    Y      N     N       MMC_DAT2
IC1    PTA27      R20   B     Y             Y       Y       Y       Y       N    Y      N     N       MMC_DAT1
IC1    PTA26      R19   B     Y             Y       Y       Y       Y       N    Y      N     N       MMC_DAT0
IC1    PTA25      R17   B     Y             Y       Y       Y       Y       N    Y      N     N       MMC_CMD
IC1    PTA24      R16   B     Y             Y       Y       Y       Y       N    Y      N     N       MMC_CLK
IC1    PTA23      C17   B     Y             N/A     Y       N/A     N/A     N    Y      Y     N       SAI2_PTA23
IC1    PTA22      E17   B     Y             Y       Y       Y       Y       N    Y      N     N       SAI2_RX_DATA
IC1    PTA21      D18   B     Y             Y       Y       Y       Y       N    Y      N     N       UART_A_DCD
IC1    PTA20      B18   B     Y             Y       Y       Y       Y       N    Y      N     N       UART_A_DTR
IC1    PTA6       N5    B     Y             Y       Y       Y       Y       N    Y      N     N       RMII_CLKOUT_50MHz_R
IC1    PTE28      K16   B     Y             Y       Y       Y       Y       N    Y      N     N       DCU0_B7
IC1    PTE27      B20   B     Y             Y       Y       Y       Y       N    Y      N     N       DCU0_B6
IC1    PTE26      C20   B     Y             Y       Y       Y       Y       N    Y      N     N       DCU0_B5
IC1    PTE25      C19   B     Y             Y       Y       Y       Y       N    Y      N     N       DCU0_B4
IC1    PTE24      D19   B     Y             Y       Y       Y       Y       N    Y      N     N       DCU0_B3
IC1    PTC8       N4    B     Y             Y       Y       Y       Y       N    Y      N     N       nPPEN/CIF_D8
IC1    PTC7       N2    B     Y             Y       Y       Y       Y       N    Y      N     Y       PWM_A/CIF_D7
IC1    PTC6       N1    B     Y             Y       Y       Y       Y       N    Y      N     Y       PWM_D/CIF_D6
IC1    PTC5       M1    B     Y             Y       Y       Y       Y       N    Y      N     N       nPOE/CIF_D5
IC1    PTC4       L2    B     Y             Y       Y       Y       Y       N    Y      N     N       PBVD1/CIF_D4
IC1    PTC3       M3    B     Y             Y       Y       Y       Y       N    Y      N     N       nPIOR/CIF_D3
IC1    PTC2       M5    B     Y             Y       Y       Y       Y       N    Y      N     N       nPIOW/CIF_D2
IC1    PTC1       L5    B     Y             Y       Y       Y       Y       N    Y      N     N       nPREG/CIF_D1
IC1    PTC0       L4    B     Y             Y       Y       Y       Y       N    Y      N     N       BL_ON/CIF_D0
IC1    PTB17      A15   B     Y             Y       Y       Y       Y       N    Y      N     N       PS2_SDA1
IC1    PTB16      C14   B     Y             Y       Y       Y       Y       N    Y      N     N       PS2_SCL1
IC1    PTB15      A14   B     Y             Y       Y       Y       Y       N    Y      N     N       I2C_SDA
IC1    PTB14      B14   B     Y             Y       Y       Y       Y       N    Y      N     N       I2C_SCL
IC1    PTB12      E13   B     Y             Y       Y       Y       Y       N    Y      N     N       UART_A_RTS
IC1    PTB11      D14   B     Y             Y       Y       Y       Y       N    Y      N     N       UART_A_RXD
IC1    PTB10      B15   B     Y             Y       Y       Y       Y       N    Y      N     N       UART_A_TXD
IC1    PTA19      U6    B     Y             Y       Y       Y       Y       N    Y      N     N       SAI2_TX_SYNC
IC1    PTA18      V6    B     Y             Y       Y       Y       Y       N    Y      N     N       SAI2_TX_DATA
IC1    PTA17      Y6    B     Y             Y       Y       Y       Y       N    Y      N     N       ADDRESS25
IC1    PTA16      Y5    B     Y             Y       Y       Y       Y       N    Y      N     N       SAI2_TX_BCLK
IC1    PTA12      L3    B     Y             Y       Y       Y       Y       N    Y      N     N       nPWAIT
IC1    PTE20      A12   B     Y             Y       Y       Y       Y       N    Y      N     N       DCU0_G7
IC1    PTE19      K18   B     Y             Y       Y       Y       Y       N    Y      N     N       DCU0_G6
IC1    PTE18      K19   B     Y             Y       Y       Y       Y       N    Y      N     N       DCU0_G5
IC1    PTE17      K20   B     Y             Y       Y       Y       Y       N    Y      N     N       DCU0_G4
IC1    PTE16      L20   B     Y             Y       Y       Y       Y       N    Y      N     N       DCU0_G3
IC1    PTE15      L18   B     Y             Y       Y       Y       Y       N    Y      N     N       DCU0_G2
IC1    PTE12      L17   B     Y             Y       Y       Y       Y       N    Y      N     N       DCU0_R7
IC1    PTE11      L16   B     Y             Y       Y       Y       Y       N    Y      N     N       DCU0_R6
IC1    PTE10      M16   B     Y             Y       Y       Y       Y       N    Y      N     N       DCU0_R5
IC1    PTE9       M17   B     Y             Y       Y       Y       Y       N    Y      N     N       DCU0_R4
IC1    PTE8       M19   B     Y             Y       Y       Y       Y       N    Y      N     N       DCU0_R3
IC1    PTE7       M20   B     Y             Y       Y       Y       Y       N    Y      N     N       DCU0_R2
IC1    PTE4       N20   B     Y             Y       Y       Y       Y       N    Y      N     N       DCU0_DE
IC1    PTE2       N19   B     Y             Y       Y       Y       Y       N    Y      N     N       DCU0_PCLK
IC1    PTE1       N18   B     Y             Y       Y       Y       Y       N    Y      N     N       DCU0_VSYNC
IC1    PTE0       N16   B     Y             Y       Y       Y       Y       N    Y      N     N       DCU0_HSYNC
IC1    PTC30      T8    B     Y             Y       Y       Y       Y       N    Y      N     N       RDY
IC1    PTC29      C16   B     Y             Y       Y       Y       Y       N    Y      N     N       USBC_DET
IC1    PTC28      E15   B     Y             Y       Y       Y       Y       N    Y      N     N       NAND_CLE
IC1    PTC27      E16   B     Y             Y       Y       Y       Y       N    Y      N     N       NAND_ALE
IC1    PTC26      D16   B     Y             Y       Y       Y       Y       N    Y      N     N       NAND_BSY0
IC1    PTB28      A16   B     Y             Y       Y       Y       Y       N    Y      N     N       RDnWR
IC1    PTB27      U8    B     Y             Y       Y       Y       Y       N    Y      N     N       NAND_RE_N
IC1    PTB26      A17   B     Y             Y       Y       Y       Y       N    Y      N     N       nEXT_CS0_CAN
IC1    PTB25      B17   B     Y             Y       Y       Y       Y       N    Y      N     N       NAND_CE_N
IC1    PTB24      A18   B     Y             Y       Y       Y       Y       N    Y      N     N       NAND_WE_N
IC1    PTB23      A19   B     Y             Y       Y       Y       Y       N    Y      N     N       SAI0_TX_BCLK
IC1    PTD13      T18   B     Y             Y       Y       Y       Y       N    Y      N     N       nPXCVREN
IC1    PTD12      T19   B     Y             Y       Y       Y       Y       N    Y      N     N       PRST/CIF_MCLK
IC1    PTD11      T20   B     Y             Y       Y       Y       Y       N    Y      N     N       ADDRESS16
IC1    PTD10      U20   B     Y             Y       Y       Y       Y       N    Y      N     N       EXT_IO0/USB_ID
IC1    PTD9       U18   B     Y             Y       Y       Y       Y       N    Y      N     N       EXT_IO1
IC1    PTD8       U17   B     Y             Y       Y       Y       Y       N    Y      N     N       SSPSCLK
IC1    PTD7       V19   B     Y             Y       Y       Y       Y       N    Y      N     N       SSPTXD
IC1    PTD6       V20   B     Y             Y       Y       Y       Y       N    Y      N     N       SSPRXD
IC1    PTD5       W20   B     Y             Y       Y       Y       Y       N    Y      N     N       SSPFRM
IC1    PTD4       W19   B     Y             Y       Y       Y       Y       N    Y      N     N       USBH_PEN
IC1    PTD3       Y19   B     Y             Y       Y       Y       Y       N    Y      N     N       UART_B_CTS
IC1    PTD2       V18   B     Y             Y       Y       Y       Y       N    Y      N     N       UART_B_RTS
IC1    PTD1       Y18   B     Y             Y       Y       Y       Y       N    Y      N     N       UART_B_RXD
IC1    PTD0       Y17   B     Y             Y       Y       Y       Y       N    Y      N     N       UART_B_TXD
IC1    PTB22      D12   B     Y             Y       Y       Y       Y       N    Y      N     N       PBVD2/CIF_D11
IC1    PTB21      E12   B     Y             Y       Y       Y       Y       N    Y      N     N       CAN_INT
IC1    PTB20      A13   B     Y             Y       Y       Y       Y       N    Y      N     N       MMC_CD/WAKE0
IC1    PTB19      C13   B     Y             Y       Y       Y       Y       N    Y      N     N       PRDY/WAKE1
IC1    PTB18      B12   B     Y             Y       Y       Y       Y       N    Y      N     N       PS2_SDA2/CIF_D9
IC1    PTB13      D15   B     Y             Y       Y       Y       Y       N    Y      N     N       UART_A_CTS
IC1    PTB7       D13   B     Y             Y       Y       Y       Y       N    Y      N     N       PCD/CIF_FV
IC1    PTB6       W8    B     Y             Y       Y       Y       Y       N    Y      N     N       nPCE1/CIF_LV
IC1    PTB5       Y8    B     Y             Y       Y       Y       Y       N    Y      N     N       UART_C_RXD
IC1    PTB4       Y7    B     Y             Y       Y       Y       Y       N    Y      N     N       UART_C_TXD
IC1    PTB3       W7    B     Y             Y       Y       Y       Y       N    Y      N     N       nBATT_FAULT/SENSE
IC1    PTB2       V7    B     Y             Y       Y       Y       Y       N    Y      N     N       PTB2_WKPU2
IC1    PTB1       T7    B     Y             Y       Y       Y       Y       N    Y      N     N       PWM_C
IC1    PTB0       T6    B     Y             Y       Y       Y       Y       N    Y      N     Y       PWM_A/CIF_D7
IC1    PTE23      J17   B     Y             Y       Y       Y       Y       N    Y      N     N       DCU0_B2
